<?xml version="1.0" encoding="UTF-8"?>
<!-- Generated by org.testng.reporters.JUnitReportReporter -->
<testsuite hostname="ENTS-David" failures="0" tests="1" name="Algorism.Taskprox.VerifyLogoutTest" time="26.171" errors="0" timestamp="2021-10-07T17:41:10 WAT" skipped="0">
  <testcase classname="Algorism.Taskprox.VerifyLogoutTest" name="verifyLogOut" time="26.171"/>
  <system-out/>
</testsuite> <!-- Algorism.Taskprox.VerifyLogoutTest -->
